<?xml version="1.0" encoding="UTF-8"?>
<!-- Generated by org.testng.reporters.JUnitXMLReporter -->
<testsuite ignored="0" hostname="DU1LSITA112PPH" failures="1" tests="20" name="Test" time="21.677" errors="0" timestamp="2023-03-06T18:00:12 GST">
  <testcase classname="org.igt.demo.apitests.GetTest" name="checkContentForGetUser" time="5.541"/>
  <testcase classname="org.igt.demo.apitests.GetTest" name="checkUserTitle" time="0.265"/>
  <testcase classname="org.igt.demo.apitests.GetTest" name="getPageCount" time="1.152"/>
  <testcase classname="org.igt.demo.apitests.GetTest" name="getPageCount" time="0.154"/>
  <testcase classname="org.igt.demo.apitests.GetTest" name="getPageCount" time="0.156"/>
  <testcase classname="org.igt.demo.apitests.GetTest" name="getPageCount" time="0.189"/>
  <testcase classname="org.igt.demo.apitests.GetTest" name="getPageCount" time="0.177"/>
  <testcase classname="org.igt.demo.apitests.GetTest" name="getUserDetails" time="0.178"/>
  <testcase classname="org.igt.demo.apitests.PostTest" name="createNewUser" time="0.481"/>
  <testcase classname="org.igt.demo.apitests.PostTest" name="verifyMissingPasswordValidation" time="0.564">
    <failure type="java.lang.AssertionError" message="Password missing validation is not as per requirement.">
      <![CDATA[java.lang.AssertionError: Password missing validation is not as per requirement.
at org.igt.demo.apitests.PostTest.verifyMissingPasswordValidation(PostTest.java:110)
at java.base/java.util.ArrayList.forEach(ArrayList.java:1511)
... Removed 27 stack frames]]>
    </failure>
  </testcase> <!-- verifyMissingPasswordValidation -->
  <testcase classname="org.igt.demo.apitests.PostTest" name="newUserRegistartionWithInvalidrequest" time="0.0">
    <skipped/>
  </testcase> <!-- newUserRegistartionWithInvalidrequest -->
  <testcase classname="org.igt.demo.apitests.PostTest" name="newUserRegistartion" time="0.377"/>
  <testcase classname="org.igt.demo.apitests.UpdateTest" name="checkLastNameAfterUpdation" time="0.72"/>
  <testcase classname="org.igt.demo.apitests.UpdateTest" name="updateRequest" time="0.489"/>
  <testcase classname="org.igt.demo.apitests.UpdateTest" name="updateRequestToValidateUserDetails" time="0.471"/>
  <testcase classname="org.igt.demo.apitests.UpdateTest" name="validateFirstNameAfterUpdate" time="0.448"/>
  <testcase classname="org.igt.demo.apitests.UpdateTest" name="verifyResponseBody" time="0.376"/>
  <testcase classname="org.igt.demo.apitests.DeleteTest" name="deleteAndCheckStatus" time="0.587"/>
  <testcase classname="org.igt.demo.apitests.DeleteTest" name="deleteNullStatusCheck" time="0.386"/>
  <testcase classname="org.igt.demo.apitests.DeleteTest" name="deleteUserDetails" time="0.395"/>
</testsuite> <!-- Test -->
