<html>
<head>
<title>TestNG:  Test</title>
<link href="../testng.css" rel="stylesheet" type="text/css" />
<link href="../my-testng.css" rel="stylesheet" type="text/css" />

<style type="text/css">
.log { display: none;} 
.stack-trace { display: none;} 
</style>
<script type="text/javascript">
<!--
function flip(e) {
  current = e.style.display;
  if (current == 'block') {
    e.style.display = 'none';
    return 0;
  }
  else {
    e.style.display = 'block';
    return 1;
  }
}

function toggleBox(szDivId, elem, msg1, msg2)
{
  var res = -1;  if (document.getElementById) {
    res = flip(document.getElementById(szDivId));
  }
  else if (document.all) {
    // this is the way old msie versions work
    res = flip(document.all[szDivId]);
  }
  if(elem) {
    if(res == 0) elem.innerHTML = msg1; else elem.innerHTML = msg2;
  }

}

function toggleAllBoxes() {
  if (document.getElementsByTagName) {
    d = document.getElementsByTagName('div');
    for (i = 0; i < d.length; i++) {
      if (d[i].className == 'log') {
        flip(d[i]);
      }
    }
  }
}

// -->
</script>

</head>
<body>
<h2 align='center'>Test</h2><table border='1' align="center">
<tr>
<td>Tests passed/Failed/Skipped:</td><td>18/1/1</td>
</tr><tr>
<td>Started on:</td><td>Mon Mar 06 17:59:50 GST 2023</td>
</tr>
<tr><td>Total time:</td><td>21 seconds (21677 ms)</td>
</tr><tr>
<td>Included groups:</td><td></td>
</tr><tr>
<td>Excluded groups:</td><td></td>
</tr>
</table><p/>
<small><i>(Hover the method name to see the test class name)</i></small><p/>
<table width='100%' border='1' class='invocation-failed'>
<tr><td colspan='4' align='center'><b>FAILED TESTS</b></td></tr>
<tr><td><b>Test method</b></td>
<td width="30%"><b>Exception</b></td>
<td width="10%"><b>Time (seconds)</b></td>
<td><b>Instance</b></td>
</tr>
<tr>
<td title='org.igt.demo.apitests.PostTest.verifyMissingPasswordValidation()'><b>verifyMissingPasswordValidation</b><br>Test class: org.igt.demo.apitests.PostTest<br>Test method: Check missing password validation</td>
<td><div><pre>java.lang.AssertionError: Password missing validation is not as per requirement.
	at org.igt.demo.apitests.PostTest.verifyMissingPasswordValidation(PostTest.java:110)
	at java.base/java.util.ArrayList.forEach(ArrayList.java:1511)
... Removed 27 stack frames</pre></div><a href='#' onClick='toggleBox("stack-trace1045373696", this, "Click to show all stack frames", "Click to hide stack frames")'>Click to show all stack frames</a>
<div class='stack-trace' id='stack-trace1045373696'><pre>java.lang.AssertionError: Password missing validation is not as per requirement.
	at org.igt.demo.apitests.PostTest.verifyMissingPasswordValidation(PostTest.java:110)
	at java.base/jdk.internal.reflect.NativeMethodAccessorImpl.invoke0(Native Method)
	at java.base/jdk.internal.reflect.NativeMethodAccessorImpl.invoke(NativeMethodAccessorImpl.java:77)
	at java.base/jdk.internal.reflect.DelegatingMethodAccessorImpl.invoke(DelegatingMethodAccessorImpl.java:43)
	at java.base/java.lang.reflect.Method.invoke(Method.java:568)
	at org.testng.internal.MethodInvocationHelper.invokeMethod(MethodInvocationHelper.java:132)
	at org.testng.internal.TestInvoker.invokeMethod(TestInvoker.java:599)
	at org.testng.internal.TestInvoker.invokeTestMethod(TestInvoker.java:174)
	at org.testng.internal.MethodRunner.runInSequence(MethodRunner.java:46)
	at org.testng.internal.TestInvoker$MethodInvocationAgent.invoke(TestInvoker.java:822)
	at org.testng.internal.TestInvoker.invokeTestMethods(TestInvoker.java:147)
	at org.testng.internal.TestMethodWorker.invokeTestMethods(TestMethodWorker.java:146)
	at org.testng.internal.TestMethodWorker.run(TestMethodWorker.java:128)
	at java.base/java.util.ArrayList.forEach(ArrayList.java:1511)
	at org.testng.TestRunner.privateRun(TestRunner.java:764)
	at org.testng.TestRunner.run(TestRunner.java:585)
	at org.testng.SuiteRunner.runTest(SuiteRunner.java:384)
	at org.testng.SuiteRunner.runSequentially(SuiteRunner.java:378)
	at org.testng.SuiteRunner.privateRun(SuiteRunner.java:337)
	at org.testng.SuiteRunner.run(SuiteRunner.java:286)
	at org.testng.SuiteRunnerWorker.runSuite(SuiteRunnerWorker.java:53)
	at org.testng.SuiteRunnerWorker.run(SuiteRunnerWorker.java:96)
	at org.testng.TestNG.runSuitesSequentially(TestNG.java:1218)
	at org.testng.TestNG.runSuitesLocally(TestNG.java:1140)
	at org.testng.TestNG.runSuites(TestNG.java:1069)
	at org.testng.TestNG.run(TestNG.java:1037)
	at org.testng.remote.AbstractRemoteTestNG.run(AbstractRemoteTestNG.java:115)
	at org.testng.remote.RemoteTestNG.initAndRun(RemoteTestNG.java:251)
	at org.testng.remote.RemoteTestNG.main(RemoteTestNG.java:77)
</pre></div></td>
<td>0</td>
<td>org.igt.demo.apitests.PostTest@27f981c6</td></tr>
</table><p>
<table width='100%' border='1' class='invocation-passed'>
<tr><td colspan='4' align='center'><b>PASSED TESTS</b></td></tr>
<tr><td><b>Test method</b></td>
<td width="30%"><b>Exception</b></td>
<td width="10%"><b>Time (seconds)</b></td>
<td><b>Instance</b></td>
</tr>
<tr>
<td title='org.igt.demo.apitests.GetTest.checkContentForGetUser()'><b>checkContentForGetUser</b><br>Test class: org.igt.demo.apitests.GetTest<br>Test method: Check content type of get user details</td>
<td></td>
<td>5</td>
<td>org.igt.demo.apitests.GetTest@4b8ee4de</td></tr>
<tr>
<td title='org.igt.demo.apitests.UpdateTest.checkLastNameAfterUpdation()'><b>checkLastNameAfterUpdation</b><br>Test class: org.igt.demo.apitests.UpdateTest<br>Test method: Check last name after update</td>
<td></td>
<td>0</td>
<td>org.igt.demo.apitests.UpdateTest@1b11171f</td></tr>
<tr>
<td title='org.igt.demo.apitests.GetTest.checkUserTitle()'><b>checkUserTitle</b><br>Test class: org.igt.demo.apitests.GetTest<br>Test method: Check response title</td>
<td></td>
<td>0</td>
<td>org.igt.demo.apitests.GetTest@4b8ee4de</td></tr>
<tr>
<td title='org.igt.demo.apitests.PostTest.createNewUser()'><b>createNewUser</b><br>Test class: org.igt.demo.apitests.PostTest<br>Test method: Create a new login user</td>
<td></td>
<td>0</td>
<td>org.igt.demo.apitests.PostTest@27f981c6</td></tr>
<tr>
<td title='org.igt.demo.apitests.DeleteTest.deleteAndCheckStatus()'><b>deleteAndCheckStatus</b><br>Test class: org.igt.demo.apitests.DeleteTest<br>Test method: User date deletion with invalid status check</td>
<td></td>
<td>0</td>
<td>org.igt.demo.apitests.DeleteTest@1151e434</td></tr>
<tr>
<td title='org.igt.demo.apitests.DeleteTest.deleteNullStatusCheck()'><b>deleteNullStatusCheck</b><br>Test class: org.igt.demo.apitests.DeleteTest<br>Test method: Status check for user delete operation</td>
<td></td>
<td>0</td>
<td>org.igt.demo.apitests.DeleteTest@1151e434</td></tr>
<tr>
<td title='org.igt.demo.apitests.DeleteTest.deleteUserDetails()'><b>deleteUserDetails</b><br>Test class: org.igt.demo.apitests.DeleteTest<br>Test method: Delete User Details</td>
<td></td>
<td>0</td>
<td>org.igt.demo.apitests.DeleteTest@1151e434</td></tr>
<tr>
<td title='org.igt.demo.apitests.GetTest.getPageCount()'><b>getPageCount</b><br>Test class: org.igt.demo.apitests.GetTest<br>Test method: List down total page count</td>
<td></td>
<td>1</td>
<td>org.igt.demo.apitests.GetTest@4b8ee4de</td></tr>
<tr>
<td title='org.igt.demo.apitests.GetTest.getPageCount()'><b>getPageCount</b><br>Test class: org.igt.demo.apitests.GetTest<br>Test method: List down total page count</td>
<td></td>
<td>0</td>
<td>org.igt.demo.apitests.GetTest@4b8ee4de</td></tr>
<tr>
<td title='org.igt.demo.apitests.GetTest.getPageCount()'><b>getPageCount</b><br>Test class: org.igt.demo.apitests.GetTest<br>Test method: List down total page count</td>
<td></td>
<td>0</td>
<td>org.igt.demo.apitests.GetTest@4b8ee4de</td></tr>
<tr>
<td title='org.igt.demo.apitests.GetTest.getPageCount()'><b>getPageCount</b><br>Test class: org.igt.demo.apitests.GetTest<br>Test method: List down total page count</td>
<td></td>
<td>0</td>
<td>org.igt.demo.apitests.GetTest@4b8ee4de</td></tr>
<tr>
<td title='org.igt.demo.apitests.GetTest.getPageCount()'><b>getPageCount</b><br>Test class: org.igt.demo.apitests.GetTest<br>Test method: List down total page count</td>
<td></td>
<td>0</td>
<td>org.igt.demo.apitests.GetTest@4b8ee4de</td></tr>
<tr>
<td title='org.igt.demo.apitests.GetTest.getUserDetails()'><b>getUserDetails</b><br>Test class: org.igt.demo.apitests.GetTest<br>Test method: Get List of Users</td>
<td></td>
<td>0</td>
<td>org.igt.demo.apitests.GetTest@4b8ee4de</td></tr>
<tr>
<td title='org.igt.demo.apitests.PostTest.newUserRegistartion()'><b>newUserRegistartion</b><br>Test class: org.igt.demo.apitests.PostTest<br>Test method: Register new user</td>
<td></td>
<td>0</td>
<td>org.igt.demo.apitests.PostTest@27f981c6</td></tr>
<tr>
<td title='org.igt.demo.apitests.UpdateTest.updateRequest()'><b>updateRequest</b><br>Test class: org.igt.demo.apitests.UpdateTest<br>Test method: updateRequest</td>
<td></td>
<td>0</td>
<td>org.igt.demo.apitests.UpdateTest@1b11171f</td></tr>
<tr>
<td title='org.igt.demo.apitests.UpdateTest.updateRequestToValidateUserDetails()'><b>updateRequestToValidateUserDetails</b><br>Test class: org.igt.demo.apitests.UpdateTest<br>Test method: Validating update response</td>
<td></td>
<td>0</td>
<td>org.igt.demo.apitests.UpdateTest@1b11171f</td></tr>
<tr>
<td title='org.igt.demo.apitests.UpdateTest.validateFirstNameAfterUpdate()'><b>validateFirstNameAfterUpdate</b><br>Test class: org.igt.demo.apitests.UpdateTest<br>Test method: Verify first name after update</td>
<td></td>
<td>0</td>
<td>org.igt.demo.apitests.UpdateTest@1b11171f</td></tr>
<tr>
<td title='org.igt.demo.apitests.UpdateTest.verifyResponseBody()'><b>verifyResponseBody</b><br>Test class: org.igt.demo.apitests.UpdateTest<br>Test method: Verify response body</td>
<td></td>
<td>0</td>
<td>org.igt.demo.apitests.UpdateTest@1b11171f</td></tr>
</table><p>
<table width='100%' border='1' class='invocation-skipped'>
<tr><td colspan='4' align='center'><b>SKIPPED TESTS</b></td></tr>
<tr><td><b>Test method</b></td>
<td width="30%"><b>Exception</b></td>
<td width="10%"><b>Time (seconds)</b></td>
<td><b>Instance</b></td>
</tr>
<tr>
<td title='org.igt.demo.apitests.PostTest.newUserRegistartionWithInvalidrequest()'><b>newUserRegistartionWithInvalidrequest</b><br>Test class: org.igt.demo.apitests.PostTest<br>Test method: Register new user with invalid values</td>
<td><div><pre>java.lang.Throwable: Method PostTest.newUserRegistartionWithInvalidrequest()[pri:0, instance:org.igt.demo.apitests.PostTest@27f981c6] depends on not successfully finished methods
	at java.base/java.util.ArrayList.forEach(ArrayList.java:1511)
... Removed 18 stack frames</pre></div><a href='#' onClick='toggleBox("stack-trace635879978", this, "Click to show all stack frames", "Click to hide stack frames")'>Click to show all stack frames</a>
<div class='stack-trace' id='stack-trace635879978'><pre>java.lang.Throwable: Method PostTest.newUserRegistartionWithInvalidrequest()[pri:0, instance:org.igt.demo.apitests.PostTest@27f981c6] depends on not successfully finished methods
	at org.testng.internal.TestInvoker.invokeTestMethods(TestInvoker.java:102)
	at org.testng.internal.TestMethodWorker.invokeTestMethods(TestMethodWorker.java:146)
	at org.testng.internal.TestMethodWorker.run(TestMethodWorker.java:128)
	at java.base/java.util.ArrayList.forEach(ArrayList.java:1511)
	at org.testng.TestRunner.privateRun(TestRunner.java:764)
	at org.testng.TestRunner.run(TestRunner.java:585)
	at org.testng.SuiteRunner.runTest(SuiteRunner.java:384)
	at org.testng.SuiteRunner.runSequentially(SuiteRunner.java:378)
	at org.testng.SuiteRunner.privateRun(SuiteRunner.java:337)
	at org.testng.SuiteRunner.run(SuiteRunner.java:286)
	at org.testng.SuiteRunnerWorker.runSuite(SuiteRunnerWorker.java:53)
	at org.testng.SuiteRunnerWorker.run(SuiteRunnerWorker.java:96)
	at org.testng.TestNG.runSuitesSequentially(TestNG.java:1218)
	at org.testng.TestNG.runSuitesLocally(TestNG.java:1140)
	at org.testng.TestNG.runSuites(TestNG.java:1069)
	at org.testng.TestNG.run(TestNG.java:1037)
	at org.testng.remote.AbstractRemoteTestNG.run(AbstractRemoteTestNG.java:115)
	at org.testng.remote.RemoteTestNG.initAndRun(RemoteTestNG.java:251)
	at org.testng.remote.RemoteTestNG.main(RemoteTestNG.java:77)
</pre></div></td>
<td>0</td>
<td>org.igt.demo.apitests.PostTest@27f981c6</td></tr>
</table><p>
</body>
</html>