<?xml version="1.0" encoding="UTF-8"?>
<!-- Generated by org.testng.reporters.JUnitXMLReporter -->
<testsuite ignored="0" hostname="DU1LSITA112PPH" failures="1" tests="20" name="Test" time="11.227" errors="0" timestamp="2023-03-06T17:21:41 GST">
  <testcase classname="org.igt.demo.apitests.GetTest" name="checkContentForGetUser" time="2.585"/>
  <testcase classname="org.igt.demo.apitests.GetTest" name="checkUserTitle" time="0.124"/>
  <testcase classname="org.igt.demo.apitests.GetTest" name="getPageCount" time="0.708"/>
  <testcase classname="org.igt.demo.apitests.GetTest" name="getPageCount" time="0.091"/>
  <testcase classname="org.igt.demo.apitests.GetTest" name="getPageCount" time="0.092"/>
  <testcase classname="org.igt.demo.apitests.GetTest" name="getPageCount" time="0.102"/>
  <testcase classname="org.igt.demo.apitests.GetTest" name="getPageCount" time="0.107"/>
  <testcase classname="org.igt.demo.apitests.GetTest" name="getUserDetails" time="0.096"/>
  <testcase classname="org.igt.demo.apitests.PostTest" name="createNewUser" time="0.629"/>
  <testcase classname="org.igt.demo.apitests.PostTest" name="verifyMissingPasswordValidation" time="0.371">
    <failure type="java.lang.AssertionError" message="Password missing validation is not as per requirement.">
      <![CDATA[java.lang.AssertionError: Password missing validation is not as per requirement.
at org.igt.demo.apitests.PostTest.verifyMissingPasswordValidation(PostTest.java:110)
at java.base/java.util.ArrayList.forEach(ArrayList.java:1511)
... Removed 30 stack frames]]>
    </failure>
  </testcase> <!-- verifyMissingPasswordValidation -->
  <testcase classname="org.igt.demo.apitests.PostTest" name="newUserRegistartionWithInvalidrequest" time="0.0">
    <skipped/>
  </testcase> <!-- newUserRegistartionWithInvalidrequest -->
  <testcase classname="org.igt.demo.apitests.PostTest" name="newUserRegistartion" time="0.352"/>
  <testcase classname="org.igt.demo.apitests.UpdateTest" name="checkLastNameAfterUpdation" time="0.609"/>
  <testcase classname="org.igt.demo.apitests.UpdateTest" name="updateRequest" time="0.491"/>
  <testcase classname="org.igt.demo.apitests.UpdateTest" name="updateRequestToValidateUserDetails" time="0.355"/>
  <testcase classname="org.igt.demo.apitests.UpdateTest" name="validateFirstNameAfterUpdate" time="0.336"/>
  <testcase classname="org.igt.demo.apitests.UpdateTest" name="verifyResponseBody" time="0.344"/>
  <testcase classname="org.igt.demo.apitests.DeleteTest" name="deleteAndCheckStatus" time="0.365"/>
  <testcase classname="org.igt.demo.apitests.DeleteTest" name="deleteNullStatusCheck" time="0.366"/>
  <testcase classname="org.igt.demo.apitests.DeleteTest" name="deleteUserDetails" time="0.49"/>
</testsuite> <!-- Test -->
