<?xml version="1.0" encoding="UTF-8"?>
<testsuite xmlns:xsi="http://www.w3.org/2001/XMLSchema-instance" xsi:schemaLocation="https://maven.apache.org/surefire/maven-surefire-plugin/xsd/surefire-test-report.xsd" name="TestSuite" time="13.31" tests="20" errors="0" skipped="1" failures="1">
  <properties>
    <property name="jansi.mode" value="strip"/>
    <property name="java.runtime.name" value="OpenJDK Runtime Environment"/>
    <property name="java.vm.version" value="17.0.3+7"/>
    <property name="sun.boot.library.path" value="C:\Users\Mandeep.Sheoran\Downloads\eclipse\plugins\org.eclipse.justj.openjdk.hotspot.jre.full.win32.x86_64_17.0.3.v20220515-1416\jre\bin"/>
    <property name="maven.multiModuleProjectDirectory" value="D:\eclipseworkspace\eclipse-workspace\Selenium + RestAssured - Framework\Selenium-RestAssured Framework"/>
    <property name="java.vm.vendor" value="Eclipse Adoptium"/>
    <property name="java.vendor.url" value="https://adoptium.net/"/>
    <property name="guice.disable.misplaced.annotation.check" value="true"/>
    <property name="path.separator" value=";"/>
    <property name="java.vm.name" value="OpenJDK 64-Bit Server VM"/>
    <property name="sun.os.patch.level" value=""/>
    <property name="user.script" value=""/>
    <property name="user.country" value="AE"/>
    <property name="sun.java.launcher" value="SUN_STANDARD"/>
    <property name="java.vm.specification.name" value="Java Virtual Machine Specification"/>
    <property name="user.dir" value="D:\eclipseworkspace\eclipse-workspace\Selenium + RestAssured - Framework\Selenium-RestAssured Framework"/>
    <property name="java.vm.compressedOopsMode" value="Zero based"/>
    <property name="java.runtime.version" value="17.0.3+7"/>
    <property name="os.arch" value="amd64"/>
    <property name="java.io.tmpdir" value="C:\Users\MANDEE~1.SHE\AppData\Local\Temp\"/>
    <property name="line.separator" value="&#10;"/>
    <property name="java.vm.specification.vendor" value="Oracle Corporation"/>
    <property name="user.variant" value=""/>
    <property name="os.name" value="Windows 10"/>
    <property name="classworlds.conf" value="D:\eclipse-workspace\percyselenium\.metadata\.plugins\org.eclipse.m2e.launching\launches\m2conf15165134879685390740.tmp"/>
    <property name="sun.jnu.encoding" value="Cp1252"/>
    <property name="java.library.path" value="C:\Users\Mandeep.Sheoran\Downloads\eclipse\plugins\org.eclipse.justj.openjdk.hotspot.jre.full.win32.x86_64_17.0.3.v20220515-1416\jre\bin;C:\windows\Sun\Java\bin;C:\windows\system32;C:\windows;C:/Users/Mandeep.Sheoran/Downloads/eclipse//plugins/org.eclipse.justj.openjdk.hotspot.jre.full.win32.x86_64_17.0.3.v20220515-1416/jre/bin/server;C:/Users/Mandeep.Sheoran/Downloads/eclipse//plugins/org.eclipse.justj.openjdk.hotspot.jre.full.win32.x86_64_17.0.3.v20220515-1416/jre/bin;C:\Program Files\Common Files\Oracle\Java\javapath;C:\windows\system32;C:\windows;C:\windows\System32\Wbem;C:\windows\System32\WindowsPowerShell\v1.0\;C:\windows\System32\OpenSSH\;C:\Program Files\nodejs\;C:\ProgramData\chocolatey\bin;C:\Program Files (x86)\NetSarang\Xshell 7\;D:\apache-maven-3.6.3\bin;C:\Program Files\Java\jdk-17.0.4.1\bin;C:\Program Files\PuTTY\;C:\Program Files\Git\cmd;C:\Program Files\Kubernetes\Minikube;C:\Program Files (x86)\GnuWin32\bin;C:\Program Files\Go\bin;C:\Program Files\Docker\Docker\resources\bin;C:\Users\Mandeep.Sheoran\AppData\Local\Microsoft\WindowsApps;C:\Users\Mandeep.Sheoran\AppData\Local\Programs\Microsoft VS Code\bin;C:\Users\Mandeep.Sheoran\AppData\Roaming\npm;C:\Program Files\Java\jdk-17.0.4.1\bin;C:\Program Files\JetBrains\Aqua 223.7571.188\bin;;C:\Users\Mandeep.Sheoran\go\bin;C:\Users\Mandeep.Sheoran\AppData\Local\Android\Sdk\tools;C:\Users\Mandeep.Sheoran\AppData\Local\Android\Sdk\tools\bin;C:\Users\Mandeep.Sheoran\AppData\Local\Android\Sdk\platform-tools;D:\POC and Knowledge Base\No code automation\Testim\Mobile Agent;C:\Users\Mandeep.Sheoran\Downloads\eclipse;;."/>
    <property name="jdk.debug" value="release"/>
    <property name="java.class.version" value="61.0"/>
    <property name="java.specification.name" value="Java Platform API Specification"/>
    <property name="sun.management.compiler" value="HotSpot 64-Bit Tiered Compilers"/>
    <property name="os.version" value="10.0"/>
    <property name="user.home" value="C:\Users\Mandeep.Sheoran"/>
    <property name="user.timezone" value="Asia/Dubai"/>
    <property name="file.encoding" value="UTF-8"/>
    <property name="java.specification.version" value="17"/>
    <property name="user.name" value="Mandeep.Sheoran"/>
    <property name="java.class.path" value="C:\Users\Mandeep.Sheoran\Downloads\eclipse\plugins\org.eclipse.m2e.maven.runtime_1.18.3.20220227-1319\jars\plexus-classworlds-2.6.0.jar"/>
    <property name="java.vm.specification.version" value="17"/>
    <property name="sun.arch.data.model" value="64"/>
    <property name="sun.java.command" value="org.codehaus.plexus.classworlds.launcher.Launcher -B clean install"/>
    <property name="java.home" value="C:\Users\Mandeep.Sheoran\Downloads\eclipse\plugins\org.eclipse.justj.openjdk.hotspot.jre.full.win32.x86_64_17.0.3.v20220515-1416\jre"/>
    <property name="user.language" value="en"/>
    <property name="java.specification.vendor" value="Oracle Corporation"/>
    <property name="java.vm.info" value="mixed mode"/>
    <property name="java.version" value="17.0.3"/>
    <property name="native.encoding" value="Cp1252"/>
    <property name="java.vendor" value="Eclipse Adoptium"/>
    <property name="maven.home" value="D:\eclipseworkspace\eclipse-workspace\Selenium + RestAssured - Framework\Selenium-RestAssured Framework\EMBEDDED"/>
    <property name="file.separator" value="\"/>
    <property name="java.version.date" value="2022-04-19"/>
    <property name="java.vendor.url.bug" value="https://github.com/adoptium/adoptium-support/issues"/>
    <property name="sun.io.unicode.encoding" value="UnicodeLittle"/>
    <property name="sun.cpu.endian" value="little"/>
    <property name="java.vendor.version" value="Temurin-17.0.3+7"/>
    <property name="sun.cpu.isalist" value="amd64"/>
  </properties>
  <testcase name="checkContentForGetUser" classname="org.igt.demo.apitests.GetTest" time="2.588"/>
  <testcase name="checkUserTitle" classname="org.igt.demo.apitests.GetTest" time="0.125"/>
  <testcase name="getPageCount" classname="org.igt.demo.apitests.GetTest" time="0.709"/>
  <testcase name="getPageCount" classname="org.igt.demo.apitests.GetTest" time="0.091"/>
  <testcase name="getPageCount" classname="org.igt.demo.apitests.GetTest" time="0.092"/>
  <testcase name="getPageCount" classname="org.igt.demo.apitests.GetTest" time="0.102"/>
  <testcase name="getPageCount" classname="org.igt.demo.apitests.GetTest" time="0.107"/>
  <testcase name="getUserDetails" classname="org.igt.demo.apitests.GetTest" time="0.096"/>
  <testcase name="createNewUser" classname="org.igt.demo.apitests.PostTest" time="0.63"/>
  <testcase name="verifyMissingPasswordValidation" classname="org.igt.demo.apitests.PostTest" time="0.38">
    <failure message="Password missing validation is not as per requirement." type="java.lang.AssertionError">java.lang.AssertionError: Password missing validation is not as per requirement.
	at org.igt.demo.apitests.PostTest.verifyMissingPasswordValidation(PostTest.java:110)
</failure>
    <system-out><![CDATA[Request method:	POST
Request URI:	http://localhost:9200/testexecution/teststatus
Proxy:			<none>
Request params:	<none>
Query params:	<none>
Form params:	<none>
Path params:	<none>
Headers:		Accept=*/*
				Content-Type=application/json
Cookies:		<none>
Multiparts:		<none>
Body:
{
    "TestStatus": "PASS",
    "executiontime": "2023-03-06T17:21:36.821624100",
    "TestCaseName": "Create a new login user"
}
{
    "_index": "testexecution",
    "_type": "teststatus",
    "_id": "PfsVt4YBzwKtpChJrvtH",
    "_version": 1,
    "result": "created",
    "_shards": {
        "total": 2,
        "successful": 1,
        "failed": 0
    },
    "_seq_no": 229,
    "_primary_term": 6
}
Info-->TEST STARTED : verifyMissingPasswordValidation at [2023-03-06T17:21:36-0871]
Request method:	POST
Request URI:	https://reqres.in/api/login
Proxy:			<none>
Request params:	<none>
Query params:	<none>
Form params:	<none>
Path params:	<none>
Headers:		Accept=*/*
				Content-Type=application/json
Cookies:		<none>
Multiparts:		<none>
Body:
{
    "email": "eve.holt@reqres.in",
    "password": ""
}
Info-->API response is : 400
]]></system-out>
  </testcase>
  <testcase name="newUserRegistartionWithInvalidrequest" classname="org.igt.demo.apitests.PostTest" time="0">
    <skipped message="Method PostTest.newUserRegistartionWithInvalidrequest()[pri:0, instance:org.igt.demo.apitests.PostTest@3cc1435c] depends on not successfully finished methods"/>
    <system-out><![CDATA[Request method:	POST
Request URI:	http://localhost:9200/testexecution/teststatus
Proxy:			<none>
Request params:	<none>
Query params:	<none>
Form params:	<none>
Path params:	<none>
Headers:		Accept=*/*
				Content-Type=application/json
Cookies:		<none>
Multiparts:		<none>
Body:
{
    "TestStatus": "FAIL",
    "executiontime": "2023-03-06T17:21:37.250351100",
    "TestCaseName": "Check missing password validation"
}
{
    "_index": "testexecution",
    "_type": "teststatus",
    "_id": "P_sVt4YBzwKtpChJr_v0",
    "_version": 1,
    "result": "created",
    "_shards": {
        "total": 2,
        "successful": 1,
        "failed": 0
    },
    "_seq_no": 230,
    "_primary_term": 6
}
]]></system-out>
  </testcase>
  <testcase name="newUserRegistartion" classname="org.igt.demo.apitests.PostTest" time="0.352"/>
  <testcase name="checkLastNameAfterUpdation" classname="org.igt.demo.apitests.UpdateTest" time="0.611"/>
  <testcase name="updateRequest" classname="org.igt.demo.apitests.UpdateTest" time="0.491"/>
  <testcase name="updateRequestToValidateUserDetails" classname="org.igt.demo.apitests.UpdateTest" time="0.355"/>
  <testcase name="validateFirstNameAfterUpdate" classname="org.igt.demo.apitests.UpdateTest" time="0.338"/>
  <testcase name="verifyResponseBody" classname="org.igt.demo.apitests.UpdateTest" time="0.344"/>
  <testcase name="deleteAndCheckStatus" classname="org.igt.demo.apitests.DeleteTest" time="0.365"/>
  <testcase name="deleteNullStatusCheck" classname="org.igt.demo.apitests.DeleteTest" time="0.369"/>
  <testcase name="deleteUserDetails" classname="org.igt.demo.apitests.DeleteTest" time="0.492"/>
</testsuite>