<?xml version="1.0" encoding="UTF-8"?>
<testng-results ignored="0" total="20" passed="18" failed="1" skipped="1">
  <reporter-output>
  </reporter-output>
  <suite started-at="2023-03-06T17:21:30 GST" name="Suite" finished-at="2023-03-06T17:21:41 GST" duration-ms="11227">
    <groups>
    </groups>
    <test started-at="2023-03-06T17:21:30 GST" name="Test" finished-at="2023-03-06T17:21:41 GST" duration-ms="11227">
      <class name="org.igt.demo.apitests.DeleteTest">
        <test-method is-config="true" signature="beforeTest(org.testng.ITestResult)[pri:0, instance:org.igt.demo.apitests.DeleteTest@dd0c991]" started-at="2023-03-06T17:21:40 GST" name="beforeTest" finished-at="2023-03-06T17:21:40 GST" duration-ms="0" status="PASS">
          <params>
            <param index="0">
              <value>
                <![CDATA[[TestResult name={null} status=CREATED method=DeleteTest.deleteAndCheckStatus()[pri:0, instance:org.igt.demo.apitests.DeleteTest@dd0c991] output={null}]]]>
              </value>
            </param>
          </params>
          <reporter-output>
          </reporter-output>
        </test-method> <!-- beforeTest -->
        <test-method signature="deleteAndCheckStatus()[pri:0, instance:org.igt.demo.apitests.DeleteTest@dd0c991]" started-at="2023-03-06T17:21:40 GST" name="deleteAndCheckStatus" description="User date deletion with invalid status check" finished-at="2023-03-06T17:21:40 GST" duration-ms="365" status="PASS">
          <reporter-output>
          </reporter-output>
        </test-method> <!-- deleteAndCheckStatus -->
        <test-method is-config="true" signature="beforeTest(org.testng.ITestResult)[pri:0, instance:org.igt.demo.apitests.DeleteTest@dd0c991]" started-at="2023-03-06T17:21:40 GST" name="beforeTest" finished-at="2023-03-06T17:21:40 GST" duration-ms="1" status="PASS">
          <params>
            <param index="0">
              <value>
                <![CDATA[[TestResult name={null} status=CREATED method=DeleteTest.deleteNullStatusCheck()[pri:0, instance:org.igt.demo.apitests.DeleteTest@dd0c991] output={null}]]]>
              </value>
            </param>
          </params>
          <reporter-output>
          </reporter-output>
        </test-method> <!-- beforeTest -->
        <test-method signature="deleteNullStatusCheck()[pri:0, instance:org.igt.demo.apitests.DeleteTest@dd0c991]" started-at="2023-03-06T17:21:40 GST" name="deleteNullStatusCheck" description="Status check for user delete operation" finished-at="2023-03-06T17:21:41 GST" duration-ms="366" status="PASS">
          <reporter-output>
          </reporter-output>
        </test-method> <!-- deleteNullStatusCheck -->
        <test-method is-config="true" signature="beforeTest(org.testng.ITestResult)[pri:0, instance:org.igt.demo.apitests.DeleteTest@dd0c991]" started-at="2023-03-06T17:21:41 GST" name="beforeTest" finished-at="2023-03-06T17:21:41 GST" duration-ms="0" status="PASS">
          <params>
            <param index="0">
              <value>
                <![CDATA[[TestResult name={null} status=CREATED method=DeleteTest.deleteUserDetails()[pri:0, instance:org.igt.demo.apitests.DeleteTest@dd0c991] output={null}]]]>
              </value>
            </param>
          </params>
          <reporter-output>
          </reporter-output>
        </test-method> <!-- beforeTest -->
        <test-method signature="deleteUserDetails()[pri:0, instance:org.igt.demo.apitests.DeleteTest@dd0c991]" started-at="2023-03-06T17:21:41 GST" name="deleteUserDetails" description="Delete User Details" finished-at="2023-03-06T17:21:41 GST" duration-ms="490" status="PASS">
          <reporter-output>
          </reporter-output>
        </test-method> <!-- deleteUserDetails -->
      </class> <!-- org.igt.demo.apitests.DeleteTest -->
      <class name="org.igt.demo.apitests.PostTest">
        <test-method is-config="true" signature="beforeTest(org.testng.ITestResult)[pri:0, instance:org.igt.demo.apitests.PostTest@3cc1435c]" started-at="2023-03-06T17:21:36 GST" name="beforeTest" finished-at="2023-03-06T17:21:36 GST" duration-ms="1" status="PASS">
          <params>
            <param index="0">
              <value>
                <![CDATA[[TestResult name={null} status=CREATED method=PostTest.createNewUser()[pri:0, instance:org.igt.demo.apitests.PostTest@3cc1435c] output={null}]]]>
              </value>
            </param>
          </params>
          <reporter-output>
          </reporter-output>
        </test-method> <!-- beforeTest -->
        <test-method signature="createNewUser()[pri:0, instance:org.igt.demo.apitests.PostTest@3cc1435c]" started-at="2023-03-06T17:21:36 GST" name="createNewUser" description="Create a new login user" finished-at="2023-03-06T17:21:36 GST" duration-ms="629" status="PASS">
          <reporter-output>
          </reporter-output>
        </test-method> <!-- createNewUser -->
        <test-method is-config="true" signature="beforeTest(org.testng.ITestResult)[pri:0, instance:org.igt.demo.apitests.PostTest@3cc1435c]" started-at="2023-03-06T17:21:36 GST" name="beforeTest" finished-at="2023-03-06T17:21:36 GST" duration-ms="0" status="PASS">
          <params>
            <param index="0">
              <value>
                <![CDATA[[TestResult name={null} status=CREATED method=PostTest.verifyMissingPasswordValidation()[pri:0, instance:org.igt.demo.apitests.PostTest@3cc1435c] output={null}]]]>
              </value>
            </param>
          </params>
          <reporter-output>
          </reporter-output>
        </test-method> <!-- beforeTest -->
        <test-method signature="verifyMissingPasswordValidation()[pri:0, instance:org.igt.demo.apitests.PostTest@3cc1435c]" started-at="2023-03-06T17:21:36 GST" name="verifyMissingPasswordValidation" description="Check missing password validation" finished-at="2023-03-06T17:21:37 GST" duration-ms="371" status="FAIL">
          <exception class="java.lang.AssertionError">
            <message>
              <![CDATA[Password missing validation is not as per requirement.]]>
            </message>
            <full-stacktrace>
              <![CDATA[java.lang.AssertionError: Password missing validation is not as per requirement.
at org.igt.demo.apitests.PostTest.verifyMissingPasswordValidation(PostTest.java:110)
at java.base/jdk.internal.reflect.NativeMethodAccessorImpl.invoke0(Native Method)
at java.base/jdk.internal.reflect.NativeMethodAccessorImpl.invoke(NativeMethodAccessorImpl.java:77)
at java.base/jdk.internal.reflect.DelegatingMethodAccessorImpl.invoke(DelegatingMethodAccessorImpl.java:43)
at java.base/java.lang.reflect.Method.invoke(Method.java:568)
at org.testng.internal.MethodInvocationHelper.invokeMethod(MethodInvocationHelper.java:132)
at org.testng.internal.TestInvoker.invokeMethod(TestInvoker.java:599)
at org.testng.internal.TestInvoker.invokeTestMethod(TestInvoker.java:174)
at org.testng.internal.MethodRunner.runInSequence(MethodRunner.java:46)
at org.testng.internal.TestInvoker$MethodInvocationAgent.invoke(TestInvoker.java:822)
at org.testng.internal.TestInvoker.invokeTestMethods(TestInvoker.java:147)
at org.testng.internal.TestMethodWorker.invokeTestMethods(TestMethodWorker.java:146)
at org.testng.internal.TestMethodWorker.run(TestMethodWorker.java:128)
at java.base/java.util.ArrayList.forEach(ArrayList.java:1511)
at org.testng.TestRunner.privateRun(TestRunner.java:764)
at org.testng.TestRunner.run(TestRunner.java:585)
at org.testng.SuiteRunner.runTest(SuiteRunner.java:384)
at org.testng.SuiteRunner.runSequentially(SuiteRunner.java:378)
at org.testng.SuiteRunner.privateRun(SuiteRunner.java:337)
at org.testng.SuiteRunner.run(SuiteRunner.java:286)
at org.testng.SuiteRunnerWorker.runSuite(SuiteRunnerWorker.java:53)
at org.testng.SuiteRunnerWorker.run(SuiteRunnerWorker.java:96)
at org.testng.TestNG.runSuitesSequentially(TestNG.java:1218)
at org.testng.TestNG.runSuitesLocally(TestNG.java:1140)
at org.testng.TestNG.runSuites(TestNG.java:1069)
at org.testng.TestNG.run(TestNG.java:1037)
at org.apache.maven.surefire.testng.TestNGExecutor.run(TestNGExecutor.java:281)
at org.apache.maven.surefire.testng.TestNGXmlTestSuite.execute(TestNGXmlTestSuite.java:75)
at org.apache.maven.surefire.testng.TestNGProvider.invoke(TestNGProvider.java:121)
at org.apache.maven.surefire.booter.ForkedBooter.invokeProviderInSameClassLoader(ForkedBooter.java:290)
at org.apache.maven.surefire.booter.ForkedBooter.runSuitesInProcess(ForkedBooter.java:242)
at org.apache.maven.surefire.booter.ForkedBooter.main(ForkedBooter.java:121)
]]>
            </full-stacktrace>
          </exception> <!-- java.lang.AssertionError -->
          <reporter-output>
          </reporter-output>
        </test-method> <!-- verifyMissingPasswordValidation -->
        <test-method signature="newUserRegistartionWithInvalidrequest()[pri:0, instance:org.igt.demo.apitests.PostTest@3cc1435c]" started-at="2023-03-06T17:21:37 GST" name="newUserRegistartionWithInvalidrequest" description="Register new user with invalid values" finished-at="2023-03-06T17:21:37 GST" depends-on-methods="org.igt.demo.apitests.PostTest.verifyMissingPasswordValidation" duration-ms="0" status="SKIP">
          <exception class="java.lang.Throwable">
            <message>
              <![CDATA[Method PostTest.newUserRegistartionWithInvalidrequest()[pri:0, instance:org.igt.demo.apitests.PostTest@3cc1435c] depends on not successfully finished methods]]>
            </message>
            <full-stacktrace>
              <![CDATA[java.lang.Throwable: Method PostTest.newUserRegistartionWithInvalidrequest()[pri:0, instance:org.igt.demo.apitests.PostTest@3cc1435c] depends on not successfully finished methods
at org.testng.internal.TestInvoker.invokeTestMethods(TestInvoker.java:102)
at org.testng.internal.TestMethodWorker.invokeTestMethods(TestMethodWorker.java:146)
at org.testng.internal.TestMethodWorker.run(TestMethodWorker.java:128)
at java.base/java.util.ArrayList.forEach(ArrayList.java:1511)
at org.testng.TestRunner.privateRun(TestRunner.java:764)
at org.testng.TestRunner.run(TestRunner.java:585)
at org.testng.SuiteRunner.runTest(SuiteRunner.java:384)
at org.testng.SuiteRunner.runSequentially(SuiteRunner.java:378)
at org.testng.SuiteRunner.privateRun(SuiteRunner.java:337)
at org.testng.SuiteRunner.run(SuiteRunner.java:286)
at org.testng.SuiteRunnerWorker.runSuite(SuiteRunnerWorker.java:53)
at org.testng.SuiteRunnerWorker.run(SuiteRunnerWorker.java:96)
at org.testng.TestNG.runSuitesSequentially(TestNG.java:1218)
at org.testng.TestNG.runSuitesLocally(TestNG.java:1140)
at org.testng.TestNG.runSuites(TestNG.java:1069)
at org.testng.TestNG.run(TestNG.java:1037)
at org.apache.maven.surefire.testng.TestNGExecutor.run(TestNGExecutor.java:281)
at org.apache.maven.surefire.testng.TestNGXmlTestSuite.execute(TestNGXmlTestSuite.java:75)
at org.apache.maven.surefire.testng.TestNGProvider.invoke(TestNGProvider.java:121)
at org.apache.maven.surefire.booter.ForkedBooter.invokeProviderInSameClassLoader(ForkedBooter.java:290)
at org.apache.maven.surefire.booter.ForkedBooter.runSuitesInProcess(ForkedBooter.java:242)
at org.apache.maven.surefire.booter.ForkedBooter.main(ForkedBooter.java:121)
]]>
            </full-stacktrace>
          </exception> <!-- java.lang.Throwable -->
          <reporter-output>
          </reporter-output>
        </test-method> <!-- newUserRegistartionWithInvalidrequest -->
        <test-method is-config="true" signature="beforeTest(org.testng.ITestResult)[pri:0, instance:org.igt.demo.apitests.PostTest@3cc1435c]" started-at="2023-03-06T17:21:37 GST" name="beforeTest" finished-at="2023-03-06T17:21:37 GST" duration-ms="1" status="PASS">
          <params>
            <param index="0">
              <value>
                <![CDATA[[TestResult name={null} status=CREATED method=PostTest.newUserRegistartion()[pri:0, instance:org.igt.demo.apitests.PostTest@3cc1435c] output={null}]]]>
              </value>
            </param>
          </params>
          <reporter-output>
          </reporter-output>
        </test-method> <!-- beforeTest -->
        <test-method signature="newUserRegistartion()[pri:0, instance:org.igt.demo.apitests.PostTest@3cc1435c]" started-at="2023-03-06T17:21:37 GST" name="newUserRegistartion" description="Register new user" finished-at="2023-03-06T17:21:37 GST" duration-ms="352" status="PASS">
          <reporter-output>
          </reporter-output>
        </test-method> <!-- newUserRegistartion -->
      </class> <!-- org.igt.demo.apitests.PostTest -->
      <class name="org.igt.demo.apitests.UpdateTest">
        <test-method is-config="true" signature="beforeTest(org.testng.ITestResult)[pri:0, instance:org.igt.demo.apitests.UpdateTest@6bf0219d]" started-at="2023-03-06T17:21:37 GST" name="beforeTest" finished-at="2023-03-06T17:21:37 GST" duration-ms="1" status="PASS">
          <params>
            <param index="0">
              <value>
                <![CDATA[[TestResult name={null} status=CREATED method=UpdateTest.checkLastNameAfterUpdation()[pri:0, instance:org.igt.demo.apitests.UpdateTest@6bf0219d] output={null}]]]>
              </value>
            </param>
          </params>
          <reporter-output>
          </reporter-output>
        </test-method> <!-- beforeTest -->
        <test-method signature="checkLastNameAfterUpdation()[pri:0, instance:org.igt.demo.apitests.UpdateTest@6bf0219d]" started-at="2023-03-06T17:21:37 GST" name="checkLastNameAfterUpdation" description="Check last name after update" finished-at="2023-03-06T17:21:38 GST" duration-ms="609" status="PASS">
          <reporter-output>
          </reporter-output>
        </test-method> <!-- checkLastNameAfterUpdation -->
        <test-method is-config="true" signature="beforeTest(org.testng.ITestResult)[pri:0, instance:org.igt.demo.apitests.UpdateTest@6bf0219d]" started-at="2023-03-06T17:21:38 GST" name="beforeTest" finished-at="2023-03-06T17:21:38 GST" duration-ms="1" status="PASS">
          <params>
            <param index="0">
              <value>
                <![CDATA[[TestResult name={null} status=CREATED method=UpdateTest.updateRequest()[pri:0, instance:org.igt.demo.apitests.UpdateTest@6bf0219d] output={null}]]]>
              </value>
            </param>
          </params>
          <reporter-output>
          </reporter-output>
        </test-method> <!-- beforeTest -->
        <test-method signature="updateRequest()[pri:0, instance:org.igt.demo.apitests.UpdateTest@6bf0219d]" started-at="2023-03-06T17:21:38 GST" name="updateRequest" description="updateRequest" finished-at="2023-03-06T17:21:38 GST" duration-ms="491" status="PASS">
          <reporter-output>
          </reporter-output>
        </test-method> <!-- updateRequest -->
        <test-method is-config="true" signature="beforeTest(org.testng.ITestResult)[pri:0, instance:org.igt.demo.apitests.UpdateTest@6bf0219d]" started-at="2023-03-06T17:21:38 GST" name="beforeTest" finished-at="2023-03-06T17:21:38 GST" duration-ms="1" status="PASS">
          <params>
            <param index="0">
              <value>
                <![CDATA[[TestResult name={null} status=CREATED method=UpdateTest.updateRequestToValidateUserDetails()[pri:0, instance:org.igt.demo.apitests.UpdateTest@6bf0219d] output={null}]]]>
              </value>
            </param>
          </params>
          <reporter-output>
          </reporter-output>
        </test-method> <!-- beforeTest -->
        <test-method signature="updateRequestToValidateUserDetails()[pri:0, instance:org.igt.demo.apitests.UpdateTest@6bf0219d]" started-at="2023-03-06T17:21:38 GST" name="updateRequestToValidateUserDetails" description="Validating update response" finished-at="2023-03-06T17:21:39 GST" duration-ms="355" status="PASS">
          <reporter-output>
          </reporter-output>
        </test-method> <!-- updateRequestToValidateUserDetails -->
        <test-method is-config="true" signature="beforeTest(org.testng.ITestResult)[pri:0, instance:org.igt.demo.apitests.UpdateTest@6bf0219d]" started-at="2023-03-06T17:21:39 GST" name="beforeTest" finished-at="2023-03-06T17:21:39 GST" duration-ms="1" status="PASS">
          <params>
            <param index="0">
              <value>
                <![CDATA[[TestResult name={null} status=CREATED method=UpdateTest.validateFirstNameAfterUpdate()[pri:0, instance:org.igt.demo.apitests.UpdateTest@6bf0219d] output={null}]]]>
              </value>
            </param>
          </params>
          <reporter-output>
          </reporter-output>
        </test-method> <!-- beforeTest -->
        <test-method signature="validateFirstNameAfterUpdate()[pri:0, instance:org.igt.demo.apitests.UpdateTest@6bf0219d]" started-at="2023-03-06T17:21:39 GST" name="validateFirstNameAfterUpdate" description="Verify first name after update" finished-at="2023-03-06T17:21:39 GST" duration-ms="336" status="PASS">
          <reporter-output>
          </reporter-output>
        </test-method> <!-- validateFirstNameAfterUpdate -->
        <test-method is-config="true" signature="beforeTest(org.testng.ITestResult)[pri:0, instance:org.igt.demo.apitests.UpdateTest@6bf0219d]" started-at="2023-03-06T17:21:39 GST" name="beforeTest" finished-at="2023-03-06T17:21:39 GST" duration-ms="0" status="PASS">
          <params>
            <param index="0">
              <value>
                <![CDATA[[TestResult name={null} status=CREATED method=UpdateTest.verifyResponseBody()[pri:0, instance:org.igt.demo.apitests.UpdateTest@6bf0219d] output={null}]]]>
              </value>
            </param>
          </params>
          <reporter-output>
          </reporter-output>
        </test-method> <!-- beforeTest -->
        <test-method signature="verifyResponseBody()[pri:0, instance:org.igt.demo.apitests.UpdateTest@6bf0219d]" started-at="2023-03-06T17:21:39 GST" name="verifyResponseBody" description="Verify response body" finished-at="2023-03-06T17:21:40 GST" duration-ms="344" status="PASS">
          <reporter-output>
          </reporter-output>
        </test-method> <!-- verifyResponseBody -->
      </class> <!-- org.igt.demo.apitests.UpdateTest -->
      <class name="org.igt.demo.apitests.GetTest">
        <test-method is-config="true" signature="beforeTest(org.testng.ITestResult)[pri:0, instance:org.igt.demo.apitests.GetTest@236e3f4e]" started-at="2023-03-06T17:21:31 GST" name="beforeTest" finished-at="2023-03-06T17:21:31 GST" duration-ms="12" status="PASS">
          <params>
            <param index="0">
              <value>
                <![CDATA[[TestResult name={null} status=CREATED method=GetTest.checkContentForGetUser()[pri:0, instance:org.igt.demo.apitests.GetTest@236e3f4e] output={null}]]]>
              </value>
            </param>
          </params>
          <reporter-output>
          </reporter-output>
        </test-method> <!-- beforeTest -->
        <test-method signature="checkContentForGetUser()[pri:0, instance:org.igt.demo.apitests.GetTest@236e3f4e]" started-at="2023-03-06T17:21:31 GST" name="checkContentForGetUser" description="Check content type of get user details" finished-at="2023-03-06T17:21:33 GST" duration-ms="2585" status="PASS">
          <reporter-output>
          </reporter-output>
        </test-method> <!-- checkContentForGetUser -->
        <test-method is-config="true" signature="beforeTest(org.testng.ITestResult)[pri:0, instance:org.igt.demo.apitests.GetTest@236e3f4e]" started-at="2023-03-06T17:21:34 GST" name="beforeTest" finished-at="2023-03-06T17:21:34 GST" duration-ms="1" status="PASS">
          <params>
            <param index="0">
              <value>
                <![CDATA[[TestResult name={null} status=CREATED method=GetTest.checkUserTitle()[pri:0, instance:org.igt.demo.apitests.GetTest@236e3f4e] output={null}]]]>
              </value>
            </param>
          </params>
          <reporter-output>
          </reporter-output>
        </test-method> <!-- beforeTest -->
        <test-method signature="checkUserTitle()[pri:0, instance:org.igt.demo.apitests.GetTest@236e3f4e]" started-at="2023-03-06T17:21:34 GST" name="checkUserTitle" description="Check response title" finished-at="2023-03-06T17:21:34 GST" duration-ms="124" status="PASS">
          <reporter-output>
          </reporter-output>
        </test-method> <!-- checkUserTitle -->
        <test-method is-config="true" signature="beforeTest(org.testng.ITestResult)[pri:0, instance:org.igt.demo.apitests.GetTest@236e3f4e]" started-at="2023-03-06T17:21:34 GST" name="beforeTest" finished-at="2023-03-06T17:21:34 GST" duration-ms="0" status="PASS">
          <params>
            <param index="0">
              <value>
                <![CDATA[[TestResult name={null} status=CREATED method=GetTest.getPageCount()[pri:0, instance:org.igt.demo.apitests.GetTest@236e3f4e] output={null}]]]>
              </value>
            </param>
          </params>
          <reporter-output>
          </reporter-output>
        </test-method> <!-- beforeTest -->
        <test-method signature="getPageCount()[pri:0, instance:org.igt.demo.apitests.GetTest@236e3f4e]" started-at="2023-03-06T17:21:34 GST" name="getPageCount" description="List down total page count" finished-at="2023-03-06T17:21:35 GST" duration-ms="708" status="PASS">
          <reporter-output>
          </reporter-output>
        </test-method> <!-- getPageCount -->
        <test-method is-config="true" signature="beforeTest(org.testng.ITestResult)[pri:0, instance:org.igt.demo.apitests.GetTest@236e3f4e]" started-at="2023-03-06T17:21:35 GST" name="beforeTest" finished-at="2023-03-06T17:21:35 GST" duration-ms="1" status="PASS">
          <params>
            <param index="0">
              <value>
                <![CDATA[[TestResult name={null} status=CREATED method=GetTest.getPageCount()[pri:0, instance:org.igt.demo.apitests.GetTest@236e3f4e] output={null}]]]>
              </value>
            </param>
          </params>
          <reporter-output>
          </reporter-output>
        </test-method> <!-- beforeTest -->
        <test-method signature="getPageCount()[pri:0, instance:org.igt.demo.apitests.GetTest@236e3f4e]" started-at="2023-03-06T17:21:35 GST" name="getPageCount" description="List down total page count" finished-at="2023-03-06T17:21:35 GST" duration-ms="91" status="PASS">
          <reporter-output>
          </reporter-output>
        </test-method> <!-- getPageCount -->
        <test-method is-config="true" signature="beforeTest(org.testng.ITestResult)[pri:0, instance:org.igt.demo.apitests.GetTest@236e3f4e]" started-at="2023-03-06T17:21:35 GST" name="beforeTest" finished-at="2023-03-06T17:21:35 GST" duration-ms="1" status="PASS">
          <params>
            <param index="0">
              <value>
                <![CDATA[[TestResult name={null} status=CREATED method=GetTest.getPageCount()[pri:0, instance:org.igt.demo.apitests.GetTest@236e3f4e] output={null}]]]>
              </value>
            </param>
          </params>
          <reporter-output>
          </reporter-output>
        </test-method> <!-- beforeTest -->
        <test-method signature="getPageCount()[pri:0, instance:org.igt.demo.apitests.GetTest@236e3f4e]" started-at="2023-03-06T17:21:35 GST" name="getPageCount" description="List down total page count" finished-at="2023-03-06T17:21:35 GST" duration-ms="92" status="PASS">
          <reporter-output>
          </reporter-output>
        </test-method> <!-- getPageCount -->
        <test-method signature="getPageCount()[pri:0, instance:org.igt.demo.apitests.GetTest@236e3f4e]" started-at="2023-03-06T17:21:35 GST" name="getPageCount" description="List down total page count" finished-at="2023-03-06T17:21:35 GST" duration-ms="102" status="PASS">
          <reporter-output>
          </reporter-output>
        </test-method> <!-- getPageCount -->
        <test-method is-config="true" signature="beforeTest(org.testng.ITestResult)[pri:0, instance:org.igt.demo.apitests.GetTest@236e3f4e]" started-at="2023-03-06T17:21:35 GST" name="beforeTest" finished-at="2023-03-06T17:21:35 GST" duration-ms="0" status="PASS">
          <params>
            <param index="0">
              <value>
                <![CDATA[[TestResult name={null} status=CREATED method=GetTest.getPageCount()[pri:0, instance:org.igt.demo.apitests.GetTest@236e3f4e] output={null}]]]>
              </value>
            </param>
          </params>
          <reporter-output>
          </reporter-output>
        </test-method> <!-- beforeTest -->
        <test-method signature="getPageCount()[pri:0, instance:org.igt.demo.apitests.GetTest@236e3f4e]" started-at="2023-03-06T17:21:35 GST" name="getPageCount" description="List down total page count" finished-at="2023-03-06T17:21:36 GST" duration-ms="107" status="PASS">
          <reporter-output>
          </reporter-output>
        </test-method> <!-- getPageCount -->
        <test-method is-config="true" signature="beforeTest(org.testng.ITestResult)[pri:0, instance:org.igt.demo.apitests.GetTest@236e3f4e]" started-at="2023-03-06T17:21:35 GST" name="beforeTest" finished-at="2023-03-06T17:21:35 GST" duration-ms="0" status="PASS">
          <params>
            <param index="0">
              <value>
                <![CDATA[[TestResult name={null} status=CREATED method=GetTest.getPageCount()[pri:0, instance:org.igt.demo.apitests.GetTest@236e3f4e] output={null}]]]>
              </value>
            </param>
          </params>
          <reporter-output>
          </reporter-output>
        </test-method> <!-- beforeTest -->
        <test-method is-config="true" signature="beforeTest(org.testng.ITestResult)[pri:0, instance:org.igt.demo.apitests.GetTest@236e3f4e]" started-at="2023-03-06T17:21:36 GST" name="beforeTest" finished-at="2023-03-06T17:21:36 GST" duration-ms="0" status="PASS">
          <params>
            <param index="0">
              <value>
                <![CDATA[[TestResult name={null} status=CREATED method=GetTest.getUserDetails()[pri:0, instance:org.igt.demo.apitests.GetTest@236e3f4e] output={null}]]]>
              </value>
            </param>
          </params>
          <reporter-output>
          </reporter-output>
        </test-method> <!-- beforeTest -->
        <test-method signature="getUserDetails()[pri:0, instance:org.igt.demo.apitests.GetTest@236e3f4e]" started-at="2023-03-06T17:21:36 GST" name="getUserDetails" description="Get List of Users" finished-at="2023-03-06T17:21:36 GST" duration-ms="96" status="PASS">
          <reporter-output>
          </reporter-output>
        </test-method> <!-- getUserDetails -->
      </class> <!-- org.igt.demo.apitests.GetTest -->
    </test> <!-- Test -->
  </suite> <!-- Suite -->
</testng-results>
